{
  "0 debug pnpm:scope": {
    "selected": 1
  },
  "1 info pnpm": {
    "err": {
      "name": "Error",
      "message": "not found: cache",
      "code": "ENOENT",
      "stack": "Error: not found: cache\n    at getNotFoundError (/data/data/com.termux/files/usr/lib/node_modules/pnpm/dist/pnpm.cjs:41759:51)\n    at Function.whichSync [as sync] (/data/data/com.termux/files/usr/lib/node_modules/pnpm/dist/pnpm.cjs:41836:13)\n    at getCommandAbsolutePathSync (/data/data/com.termux/files/usr/lib/node_modules/pnpm/dist/pnpm.cjs:43401:44)\n    at default_1 (/data/data/com.termux/files/usr/lib/node_modules/pnpm/dist/pnpm.cjs:43410:32)\n    at /data/data/com.termux/files/usr/lib/node_modules/pnpm/dist/pnpm.cjs:178873:39"
    }
  },
  "2 error pnpm": {
    "code": "ERR_PNPM_RECURSIVE_EXEC_FIRST_FAIL",
    "prefix": "/data/data/com.termux/files/home/room-hunt/client",
    "err": {
      "name": "pnpm",
      "message": "not found: cache",
      "code": "ERR_PNPM_RECURSIVE_EXEC_FIRST_FAIL",
      "stack": "Error: not found: cache\n    at getNotFoundError (/data/data/com.termux/files/usr/lib/node_modules/pnpm/dist/pnpm.cjs:41759:51)\n    at Function.whichSync [as sync] (/data/data/com.termux/files/usr/lib/node_modules/pnpm/dist/pnpm.cjs:41836:13)\n    at getCommandAbsolutePathSync (/data/data/com.termux/files/usr/lib/node_modules/pnpm/dist/pnpm.cjs:43401:44)\n    at default_1 (/data/data/com.termux/files/usr/lib/node_modules/pnpm/dist/pnpm.cjs:43410:32)\n    at /data/data/com.termux/files/usr/lib/node_modules/pnpm/dist/pnpm.cjs:178873:39"
    }
  }
}